{"C:\\Users\\Jay\\Desktop\\New folder\\sum.js": {"path":"C:\\Users\\Jay\\Desktop\\New folder\\sum.js","statementMap":{"0":{"start":{"line":2,"column":1},"end":{"line":2,"column":12}},"1":{"start":{"line":5,"column":0},"end":{"line":5,"column":21}}},"fnMap":{"0":{"name":"sum","decl":{"start":{"line":1,"column":9},"end":{"line":1,"column":12}},"loc":{"start":{"line":1,"column":18},"end":{"line":3,"column":1}},"line":1}},"branchMap":{},"s":{"0":2,"1":1},"f":{"0":2},"b":{},"_coverageSchema":"332fd63041d2c1bcb487cc26dd0d5f7d97098a6c","hash":"33b987736ce08deb24ad5aa0086209ede86e3f63"}
,"C:\\Users\\Jay\\Desktop\\New folder\\validate.js": {"path":"C:\\Users\\Jay\\Desktop\\New folder\\validate.js","statementMap":{"0":{"start":{"line":1,"column":0},"end":{"line":15,"column":1}},"1":{"start":{"line":2,"column":4},"end":{"line":2,"column":55}},"2":{"start":{"line":4,"column":4},"end":{"line":6,"column":5}},"3":{"start":{"line":5,"column":7},"end":{"line":5,"column":20}},"4":{"start":{"line":10,"column":4},"end":{"line":12,"column":5}},"5":{"start":{"line":11,"column":8},"end":{"line":11,"column":21}},"6":{"start":{"line":14,"column":4},"end":{"line":14,"column":15}}},"fnMap":{"0":{"name":"validatePhoneNumber","decl":{"start":{"line":1,"column":26},"end":{"line":1,"column":45}},"loc":{"start":{"line":1,"column":50},"end":{"line":15,"column":1}},"line":1}},"branchMap":{"0":{"loc":{"start":{"line":4,"column":4},"end":{"line":6,"column":5}},"type":"if","locations":[{"start":{"line":4,"column":4},"end":{"line":6,"column":5}},{"start":{"line":4,"column":4},"end":{"line":6,"column":5}}],"line":4},"1":{"loc":{"start":{"line":10,"column":4},"end":{"line":12,"column":5}},"type":"if","locations":[{"start":{"line":10,"column":4},"end":{"line":12,"column":5}},{"start":{"line":10,"column":4},"end":{"line":12,"column":5}}],"line":10}},"s":{"0":1,"1":14,"2":14,"3":1,"4":13,"5":1,"6":12},"f":{"0":14},"b":{"0":[1,13],"1":[1,12]},"_coverageSchema":"332fd63041d2c1bcb487cc26dd0d5f7d97098a6c","hash":"c50088e8262b7805aa9b74de68ca94066d09e3a0"}
}
