{"C:\\Users\\Jay\\Desktop\\project_term\\address_finder.js": {"path":"C:\\Users\\Jay\\Desktop\\project_term\\address_finder.js","statementMap":{"0":{"start":{"line":1,"column":16},"end":{"line":1,"column":34}},"1":{"start":{"line":3,"column":17},"end":{"line":23,"column":1}},"2":{"start":{"line":4,"column":1},"end":{"line":22,"column":4}},"3":{"start":{"line":8,"column":2},"end":{"line":21,"column":3}},"4":{"start":{"line":9,"column":3},"end":{"line":9,"column":45}},"5":{"start":{"line":11,"column":8},"end":{"line":21,"column":3}},"6":{"start":{"line":12,"column":3},"end":{"line":12,"column":52}},"7":{"start":{"line":15,"column":3},"end":{"line":20,"column":6}},"8":{"start":{"line":25,"column":17},"end":{"line":42,"column":1}},"9":{"start":{"line":26,"column":1},"end":{"line":41,"column":4}},"10":{"start":{"line":31,"column":2},"end":{"line":40,"column":3}},"11":{"start":{"line":32,"column":3},"end":{"line":32,"column":45}},"12":{"start":{"line":33,"column":8},"end":{"line":40,"column":3}},"13":{"start":{"line":34,"column":3},"end":{"line":34,"column":45}},"14":{"start":{"line":35,"column":8},"end":{"line":40,"column":3}},"15":{"start":{"line":36,"column":3},"end":{"line":39,"column":5}},"16":{"start":{"line":43,"column":0},"end":{"line":46,"column":2}}},"fnMap":{"0":{"name":"(anonymous_0)","decl":{"start":{"line":3,"column":17},"end":{"line":3,"column":18}},"loc":{"start":{"line":3,"column":41},"end":{"line":23,"column":1}},"line":3},"1":{"name":"(anonymous_1)","decl":{"start":{"line":7,"column":4},"end":{"line":7,"column":5}},"loc":{"start":{"line":7,"column":31},"end":{"line":22,"column":2}},"line":7},"2":{"name":"(anonymous_2)","decl":{"start":{"line":25,"column":17},"end":{"line":25,"column":18}},"loc":{"start":{"line":25,"column":40},"end":{"line":42,"column":1}},"line":25},"3":{"name":"(anonymous_3)","decl":{"start":{"line":30,"column":4},"end":{"line":30,"column":5}},"loc":{"start":{"line":30,"column":31},"end":{"line":41,"column":2}},"line":30}},"branchMap":{"0":{"loc":{"start":{"line":8,"column":2},"end":{"line":21,"column":3}},"type":"if","locations":[{"start":{"line":8,"column":2},"end":{"line":21,"column":3}},{"start":{"line":8,"column":2},"end":{"line":21,"column":3}}],"line":8},"1":{"loc":{"start":{"line":11,"column":8},"end":{"line":21,"column":3}},"type":"if","locations":[{"start":{"line":11,"column":8},"end":{"line":21,"column":3}},{"start":{"line":11,"column":8},"end":{"line":21,"column":3}}],"line":11},"2":{"loc":{"start":{"line":31,"column":2},"end":{"line":40,"column":3}},"type":"if","locations":[{"start":{"line":31,"column":2},"end":{"line":40,"column":3}},{"start":{"line":31,"column":2},"end":{"line":40,"column":3}}],"line":31},"3":{"loc":{"start":{"line":33,"column":8},"end":{"line":40,"column":3}},"type":"if","locations":[{"start":{"line":33,"column":8},"end":{"line":40,"column":3}},{"start":{"line":33,"column":8},"end":{"line":40,"column":3}}],"line":33},"4":{"loc":{"start":{"line":35,"column":8},"end":{"line":40,"column":3}},"type":"if","locations":[{"start":{"line":35,"column":8},"end":{"line":40,"column":3}},{"start":{"line":35,"column":8},"end":{"line":40,"column":3}}],"line":35}},"s":{"0":1,"1":1,"2":0,"3":0,"4":0,"5":0,"6":0,"7":0,"8":1,"9":1,"10":1,"11":0,"12":1,"13":0,"14":1,"15":0,"16":1},"f":{"0":0,"1":0,"2":1,"3":1},"b":{"0":[0,0],"1":[0,0],"2":[0,1],"3":[0,1],"4":[0,1]},"_coverageSchema":"332fd63041d2c1bcb487cc26dd0d5f7d97098a6c","hash":"b5ae17b215dc70ed5f4b1094a73f21575037a7c4"}
,"C:\\Users\\Jay\\Desktop\\project_term\\app.js": {"path":"C:\\Users\\Jay\\Desktop\\project_term\\app.js","statementMap":{"0":{"start":{"line":2,"column":16},"end":{"line":2,"column":34}},"1":{"start":{"line":3,"column":12},"end":{"line":3,"column":26}},"2":{"start":{"line":4,"column":11},"end":{"line":4,"column":24}},"3":{"start":{"line":5,"column":16},"end":{"line":5,"column":34}},"4":{"start":{"line":6,"column":19},"end":{"line":6,"column":41}},"5":{"start":{"line":9,"column":10},"end":{"line":9,"column":19}},"6":{"start":{"line":12,"column":23},"end":{"line":12,"column":53}},"7":{"start":{"line":13,"column":21},"end":{"line":13,"column":51}},"8":{"start":{"line":16,"column":0},"end":{"line":18,"column":4}},"9":{"start":{"line":20,"column":0},"end":{"line":20,"column":27}},"10":{"start":{"line":23,"column":0},"end":{"line":23,"column":52}},"11":{"start":{"line":26,"column":0},"end":{"line":26,"column":30}},"12":{"start":{"line":29,"column":0},"end":{"line":29,"column":47}},"13":{"start":{"line":35,"column":10},"end":{"line":35,"column":22}},"14":{"start":{"line":36,"column":7},"end":{"line":36,"column":21}},"15":{"start":{"line":38,"column":12},"end":{"line":38,"column":19}},"16":{"start":{"line":45,"column":11},"end":{"line":45,"column":51}},"17":{"start":{"line":46,"column":19},"end":{"line":46,"column":33}},"18":{"start":{"line":47,"column":12},"end":{"line":47,"column":13}},"19":{"start":{"line":48,"column":1},"end":{"line":50,"column":31}},"20":{"start":{"line":53,"column":14},"end":{"line":53,"column":152}},"21":{"start":{"line":59,"column":1},"end":{"line":64,"column":4}},"22":{"start":{"line":60,"column":5},"end":{"line":62,"column":6}},"23":{"start":{"line":61,"column":9},"end":{"line":61,"column":19}},"24":{"start":{"line":63,"column":5},"end":{"line":63,"column":32}},"25":{"start":{"line":80,"column":1},"end":{"line":80,"column":58}},"26":{"start":{"line":87,"column":1},"end":{"line":95,"column":3}},"27":{"start":{"line":88,"column":2},"end":{"line":88,"column":18}},"28":{"start":{"line":89,"column":2},"end":{"line":89,"column":18}},"29":{"start":{"line":90,"column":2},"end":{"line":90,"column":40}},"30":{"start":{"line":92,"column":2},"end":{"line":92,"column":24}},"31":{"start":{"line":94,"column":2},"end":{"line":94,"column":20}},"32":{"start":{"line":99,"column":0},"end":{"line":106,"column":3}},"33":{"start":{"line":100,"column":1},"end":{"line":100,"column":16}},"34":{"start":{"line":101,"column":4},"end":{"line":105,"column":7}},"35":{"start":{"line":109,"column":0},"end":{"line":122,"column":3}},"36":{"start":{"line":110,"column":1},"end":{"line":121,"column":2}},"37":{"start":{"line":111,"column":2},"end":{"line":111,"column":33}},"38":{"start":{"line":112,"column":2},"end":{"line":112,"column":20}},"39":{"start":{"line":113,"column":2},"end":{"line":113,"column":25}},"40":{"start":{"line":114,"column":2},"end":{"line":114,"column":27}},"41":{"start":{"line":115,"column":2},"end":{"line":115,"column":15}},"42":{"start":{"line":116,"column":7},"end":{"line":121,"column":2}},"43":{"start":{"line":117,"column":2},"end":{"line":117,"column":15}},"44":{"start":{"line":118,"column":2},"end":{"line":118,"column":26}},"45":{"start":{"line":120,"column":2},"end":{"line":120,"column":28}},"46":{"start":{"line":125,"column":0},"end":{"line":128,"column":3}},"47":{"start":{"line":126,"column":1},"end":{"line":126,"column":44}},"48":{"start":{"line":127,"column":4},"end":{"line":127,"column":30}},"49":{"start":{"line":131,"column":0},"end":{"line":143,"column":3}},"50":{"start":{"line":132,"column":1},"end":{"line":142,"column":2}},"51":{"start":{"line":133,"column":2},"end":{"line":133,"column":35}},"52":{"start":{"line":134,"column":2},"end":{"line":134,"column":37}},"53":{"start":{"line":135,"column":2},"end":{"line":135,"column":35}},"54":{"start":{"line":136,"column":2},"end":{"line":136,"column":38}},"55":{"start":{"line":137,"column":2},"end":{"line":137,"column":27}},"56":{"start":{"line":138,"column":2},"end":{"line":138,"column":25}},"57":{"start":{"line":140,"column":2},"end":{"line":140,"column":27}},"58":{"start":{"line":141,"column":2},"end":{"line":141,"column":28}},"59":{"start":{"line":147,"column":0},"end":{"line":149,"column":3}},"60":{"start":{"line":148,"column":1},"end":{"line":148,"column":29}},"61":{"start":{"line":151,"column":0},"end":{"line":153,"column":3}},"62":{"start":{"line":152,"column":1},"end":{"line":152,"column":41}},"63":{"start":{"line":155,"column":0},"end":{"line":161,"column":3}},"64":{"start":{"line":156,"column":1},"end":{"line":160,"column":2}},"65":{"start":{"line":157,"column":2},"end":{"line":157,"column":27}},"66":{"start":{"line":159,"column":2},"end":{"line":159,"column":66}},"67":{"start":{"line":163,"column":0},"end":{"line":165,"column":3}},"68":{"start":{"line":164,"column":1},"end":{"line":164,"column":37}},"69":{"start":{"line":166,"column":0},"end":{"line":168,"column":3}},"70":{"start":{"line":167,"column":1},"end":{"line":167,"column":37}},"71":{"start":{"line":171,"column":0},"end":{"line":173,"column":3}},"72":{"start":{"line":172,"column":1},"end":{"line":172,"column":27}},"73":{"start":{"line":177,"column":0},"end":{"line":194,"column":3}},"74":{"start":{"line":178,"column":1},"end":{"line":178,"column":26}},"75":{"start":{"line":180,"column":1},"end":{"line":193,"column":4}},"76":{"start":{"line":181,"column":2},"end":{"line":192,"column":3}},"77":{"start":{"line":182,"column":12},"end":{"line":182,"column":45}},"78":{"start":{"line":183,"column":8},"end":{"line":192,"column":3}},"79":{"start":{"line":184,"column":3},"end":{"line":184,"column":37}},"80":{"start":{"line":186,"column":3},"end":{"line":186,"column":168}},"81":{"start":{"line":187,"column":3},"end":{"line":187,"column":95}},"82":{"start":{"line":188,"column":3},"end":{"line":188,"column":50}},"83":{"start":{"line":189,"column":3},"end":{"line":189,"column":50}},"84":{"start":{"line":190,"column":3},"end":{"line":190,"column":19}},"85":{"start":{"line":191,"column":3},"end":{"line":191,"column":26}},"86":{"start":{"line":198,"column":0},"end":{"line":200,"column":3}},"87":{"start":{"line":199,"column":4},"end":{"line":199,"column":59}},"88":{"start":{"line":203,"column":0},"end":{"line":206,"column":3}},"89":{"start":{"line":204,"column":1},"end":{"line":204,"column":37}},"90":{"start":{"line":205,"column":1},"end":{"line":205,"column":23}},"91":{"start":{"line":210,"column":0},"end":{"line":227,"column":3}},"92":{"start":{"line":211,"column":20},"end":{"line":211,"column":21}},"93":{"start":{"line":212,"column":13},"end":{"line":212,"column":15}},"94":{"start":{"line":213,"column":8},"end":{"line":213,"column":10}},"95":{"start":{"line":214,"column":9},"end":{"line":214,"column":11}},"96":{"start":{"line":216,"column":1},"end":{"line":216,"column":25}},"97":{"start":{"line":218,"column":1},"end":{"line":226,"column":4}},"98":{"start":{"line":219,"column":2},"end":{"line":219,"column":24}},"99":{"start":{"line":220,"column":2},"end":{"line":220,"column":54}},"100":{"start":{"line":221,"column":2},"end":{"line":221,"column":19}},"101":{"start":{"line":222,"column":2},"end":{"line":222,"column":21}},"102":{"start":{"line":223,"column":2},"end":{"line":223,"column":227}},"103":{"start":{"line":225,"column":2},"end":{"line":225,"column":21}},"104":{"start":{"line":231,"column":0},"end":{"line":233,"column":3}},"105":{"start":{"line":232,"column":1},"end":{"line":232,"column":27}},"106":{"start":{"line":235,"column":0},"end":{"line":235,"column":20}}},"fnMap":{"0":{"name":"readJsonFile","decl":{"start":{"line":58,"column":9},"end":{"line":58,"column":21}},"loc":{"start":{"line":58,"column":24},"end":{"line":75,"column":1}},"line":58},"1":{"name":"(anonymous_1)","decl":{"start":{"line":59,"column":32},"end":{"line":59,"column":33}},"loc":{"start":{"line":59,"column":46},"end":{"line":64,"column":2}},"line":59},"2":{"name":"writeJsonFile","decl":{"start":{"line":79,"column":9},"end":{"line":79,"column":22}},"loc":{"start":{"line":79,"column":24},"end":{"line":81,"column":1}},"line":79},"3":{"name":"weather_fetcher","decl":{"start":{"line":86,"column":9},"end":{"line":86,"column":24}},"loc":{"start":{"line":86,"column":33},"end":{"line":96,"column":1}},"line":86},"4":{"name":"(anonymous_4)","decl":{"start":{"line":87,"column":36},"end":{"line":87,"column":37}},"loc":{"start":{"line":87,"column":47},"end":{"line":91,"column":2}},"line":87},"5":{"name":"(anonymous_5)","decl":{"start":{"line":91,"column":9},"end":{"line":91,"column":10}},"loc":{"start":{"line":91,"column":19},"end":{"line":93,"column":2}},"line":91},"6":{"name":"(anonymous_6)","decl":{"start":{"line":93,"column":10},"end":{"line":93,"column":11}},"loc":{"start":{"line":93,"column":19},"end":{"line":95,"column":2}},"line":93},"7":{"name":"(anonymous_7)","decl":{"start":{"line":99,"column":13},"end":{"line":99,"column":14}},"loc":{"start":{"line":99,"column":36},"end":{"line":106,"column":1}},"line":99},"8":{"name":"(anonymous_8)","decl":{"start":{"line":109,"column":27},"end":{"line":109,"column":28}},"loc":{"start":{"line":109,"column":50},"end":{"line":122,"column":1}},"line":109},"9":{"name":"(anonymous_9)","decl":{"start":{"line":125,"column":19},"end":{"line":125,"column":20}},"loc":{"start":{"line":125,"column":42},"end":{"line":128,"column":1}},"line":125},"10":{"name":"(anonymous_10)","decl":{"start":{"line":131,"column":25},"end":{"line":131,"column":26}},"loc":{"start":{"line":131,"column":54},"end":{"line":143,"column":1}},"line":131},"11":{"name":"(anonymous_11)","decl":{"start":{"line":147,"column":21},"end":{"line":147,"column":22}},"loc":{"start":{"line":147,"column":43},"end":{"line":149,"column":1}},"line":147},"12":{"name":"(anonymous_12)","decl":{"start":{"line":151,"column":19},"end":{"line":151,"column":20}},"loc":{"start":{"line":151,"column":40},"end":{"line":153,"column":1}},"line":151},"13":{"name":"(anonymous_13)","decl":{"start":{"line":155,"column":20},"end":{"line":155,"column":21}},"loc":{"start":{"line":155,"column":41},"end":{"line":161,"column":1}},"line":155},"14":{"name":"(anonymous_14)","decl":{"start":{"line":163,"column":21},"end":{"line":163,"column":22}},"loc":{"start":{"line":163,"column":42},"end":{"line":165,"column":1}},"line":163},"15":{"name":"(anonymous_15)","decl":{"start":{"line":166,"column":20},"end":{"line":166,"column":21}},"loc":{"start":{"line":166,"column":41},"end":{"line":168,"column":1}},"line":166},"16":{"name":"(anonymous_16)","decl":{"start":{"line":171,"column":19},"end":{"line":171,"column":20}},"loc":{"start":{"line":171,"column":41},"end":{"line":173,"column":1}},"line":171},"17":{"name":"(anonymous_17)","decl":{"start":{"line":177,"column":28},"end":{"line":177,"column":29}},"loc":{"start":{"line":177,"column":50},"end":{"line":194,"column":1}},"line":177},"18":{"name":"(anonymous_18)","decl":{"start":{"line":180,"column":46},"end":{"line":180,"column":47}},"loc":{"start":{"line":180,"column":72},"end":{"line":193,"column":2}},"line":180},"19":{"name":"(anonymous_19)","decl":{"start":{"line":198,"column":21},"end":{"line":198,"column":22}},"loc":{"start":{"line":198,"column":44},"end":{"line":200,"column":1}},"line":198},"20":{"name":"(anonymous_20)","decl":{"start":{"line":203,"column":35},"end":{"line":203,"column":36}},"loc":{"start":{"line":203,"column":58},"end":{"line":206,"column":1}},"line":203},"21":{"name":"(anonymous_21)","decl":{"start":{"line":210,"column":20},"end":{"line":210,"column":21}},"loc":{"start":{"line":210,"column":43},"end":{"line":227,"column":1}},"line":210},"22":{"name":"(anonymous_22)","decl":{"start":{"line":218,"column":56},"end":{"line":218,"column":57}},"loc":{"start":{"line":218,"column":66},"end":{"line":224,"column":2}},"line":218},"23":{"name":"(anonymous_23)","decl":{"start":{"line":224,"column":10},"end":{"line":224,"column":11}},"loc":{"start":{"line":224,"column":19},"end":{"line":226,"column":2}},"line":224},"24":{"name":"(anonymous_24)","decl":{"start":{"line":231,"column":20},"end":{"line":231,"column":21}},"loc":{"start":{"line":231,"column":43},"end":{"line":233,"column":1}},"line":231}},"branchMap":{"0":{"loc":{"start":{"line":60,"column":5},"end":{"line":62,"column":6}},"type":"if","locations":[{"start":{"line":60,"column":5},"end":{"line":62,"column":6}},{"start":{"line":60,"column":5},"end":{"line":62,"column":6}}],"line":60},"1":{"loc":{"start":{"line":110,"column":1},"end":{"line":121,"column":2}},"type":"if","locations":[{"start":{"line":110,"column":1},"end":{"line":121,"column":2}},{"start":{"line":110,"column":1},"end":{"line":121,"column":2}}],"line":110},"2":{"loc":{"start":{"line":116,"column":7},"end":{"line":121,"column":2}},"type":"if","locations":[{"start":{"line":116,"column":7},"end":{"line":121,"column":2}},{"start":{"line":116,"column":7},"end":{"line":121,"column":2}}],"line":116},"3":{"loc":{"start":{"line":132,"column":1},"end":{"line":142,"column":2}},"type":"if","locations":[{"start":{"line":132,"column":1},"end":{"line":142,"column":2}},{"start":{"line":132,"column":1},"end":{"line":142,"column":2}}],"line":132},"4":{"loc":{"start":{"line":132,"column":5},"end":{"line":132,"column":131}},"type":"binary-expr","locations":[{"start":{"line":132,"column":5},"end":{"line":132,"column":45}},{"start":{"line":132,"column":49},"end":{"line":132,"column":131}}],"line":132},"5":{"loc":{"start":{"line":156,"column":1},"end":{"line":160,"column":2}},"type":"if","locations":[{"start":{"line":156,"column":1},"end":{"line":160,"column":2}},{"start":{"line":156,"column":1},"end":{"line":160,"column":2}}],"line":156},"6":{"loc":{"start":{"line":181,"column":2},"end":{"line":192,"column":3}},"type":"if","locations":[{"start":{"line":181,"column":2},"end":{"line":192,"column":3}},{"start":{"line":181,"column":2},"end":{"line":192,"column":3}}],"line":181},"7":{"loc":{"start":{"line":183,"column":8},"end":{"line":192,"column":3}},"type":"if","locations":[{"start":{"line":183,"column":8},"end":{"line":192,"column":3}},{"start":{"line":183,"column":8},"end":{"line":192,"column":3}}],"line":183}},"s":{"0":1,"1":1,"2":1,"3":1,"4":1,"5":1,"6":1,"7":1,"8":1,"9":1,"10":1,"11":1,"12":1,"13":1,"14":1,"15":1,"16":1,"17":1,"18":1,"19":1,"20":1,"21":2,"22":2,"23":0,"24":2,"25":0,"26":1,"27":1,"28":1,"29":1,"30":0,"31":0,"32":1,"33":1,"34":1,"35":1,"36":0,"37":0,"38":0,"39":0,"40":0,"41":0,"42":0,"43":0,"44":0,"45":0,"46":1,"47":1,"48":1,"49":1,"50":0,"51":0,"52":0,"53":0,"54":0,"55":0,"56":0,"57":0,"58":0,"59":1,"60":1,"61":1,"62":1,"63":1,"64":1,"65":1,"66":0,"67":1,"68":1,"69":1,"70":0,"71":1,"72":1,"73":1,"74":1,"75":1,"76":0,"77":0,"78":0,"79":0,"80":0,"81":0,"82":0,"83":0,"84":0,"85":0,"86":1,"87":1,"88":1,"89":1,"90":1,"91":1,"92":1,"93":1,"94":1,"95":1,"96":1,"97":1,"98":1,"99":1,"100":1,"101":1,"102":1,"103":0,"104":1,"105":1,"106":1},"f":{"0":2,"1":2,"2":0,"3":1,"4":1,"5":0,"6":0,"7":1,"8":0,"9":1,"10":0,"11":1,"12":1,"13":1,"14":1,"15":0,"16":1,"17":1,"18":0,"19":1,"20":1,"21":1,"22":1,"23":0,"24":1},"b":{"0":[0,2],"1":[0,0],"2":[0,0],"3":[0,0],"4":[0,0],"5":[1,0],"6":[0,0],"7":[0,0]},"_coverageSchema":"332fd63041d2c1bcb487cc26dd0d5f7d97098a6c","hash":"0ba742149ebc93572621c141c31b275fdbad5a44"}
,"C:\\Users\\Jay\\Desktop\\project_term\\public\\weather.js": {"path":"C:\\Users\\Jay\\Desktop\\project_term\\public\\weather.js","statementMap":{"0":{"start":{"line":1,"column":16},"end":{"line":1,"column":34}},"1":{"start":{"line":4,"column":14},"end":{"line":24,"column":1}},"2":{"start":{"line":6,"column":4},"end":{"line":23,"column":4}},"3":{"start":{"line":7,"column":2},"end":{"line":22,"column":5}},"4":{"start":{"line":12,"column":3},"end":{"line":21,"column":4}},"5":{"start":{"line":13,"column":4},"end":{"line":13,"column":44}},"6":{"start":{"line":14,"column":9},"end":{"line":21,"column":4}},"7":{"start":{"line":15,"column":4},"end":{"line":15,"column":44}},"8":{"start":{"line":16,"column":9},"end":{"line":21,"column":4}},"9":{"start":{"line":17,"column":4},"end":{"line":20,"column":6}},"10":{"start":{"line":26,"column":14},"end":{"line":43,"column":1}},"11":{"start":{"line":27,"column":1},"end":{"line":42,"column":4}},"12":{"start":{"line":28,"column":2},"end":{"line":41,"column":5}},"13":{"start":{"line":32,"column":3},"end":{"line":40,"column":4}},"14":{"start":{"line":33,"column":4},"end":{"line":33,"column":44}},"15":{"start":{"line":35,"column":9},"end":{"line":40,"column":4}},"16":{"start":{"line":36,"column":4},"end":{"line":36,"column":51}},"17":{"start":{"line":39,"column":4},"end":{"line":39,"column":28}},"18":{"start":{"line":45,"column":20},"end":{"line":75,"column":1}},"19":{"start":{"line":47,"column":1},"end":{"line":72,"column":4}},"20":{"start":{"line":48,"column":2},"end":{"line":71,"column":5}},"21":{"start":{"line":52,"column":3},"end":{"line":70,"column":4}},"22":{"start":{"line":53,"column":4},"end":{"line":53,"column":44}},"23":{"start":{"line":55,"column":9},"end":{"line":70,"column":4}},"24":{"start":{"line":56,"column":4},"end":{"line":56,"column":51}},"25":{"start":{"line":59,"column":4},"end":{"line":67,"column":5}},"26":{"start":{"line":60,"column":5},"end":{"line":60,"column":18}},"27":{"start":{"line":62,"column":20},"end":{"line":62,"column":58}},"28":{"start":{"line":63,"column":17},"end":{"line":63,"column":41}},"29":{"start":{"line":64,"column":18},"end":{"line":64,"column":47}},"30":{"start":{"line":66,"column":5},"end":{"line":66,"column":57}},"31":{"start":{"line":77,"column":0},"end":{"line":81,"column":1}}},"fnMap":{"0":{"name":"(anonymous_0)","decl":{"start":{"line":4,"column":14},"end":{"line":4,"column":15}},"loc":{"start":{"line":4,"column":27},"end":{"line":24,"column":1}},"line":4},"1":{"name":"(anonymous_1)","decl":{"start":{"line":6,"column":23},"end":{"line":6,"column":24}},"loc":{"start":{"line":6,"column":44},"end":{"line":23,"column":2}},"line":6},"2":{"name":"(anonymous_2)","decl":{"start":{"line":11,"column":5},"end":{"line":11,"column":6}},"loc":{"start":{"line":11,"column":32},"end":{"line":22,"column":3}},"line":11},"3":{"name":"(anonymous_3)","decl":{"start":{"line":26,"column":14},"end":{"line":26,"column":15}},"loc":{"start":{"line":26,"column":28},"end":{"line":43,"column":1}},"line":26},"4":{"name":"(anonymous_4)","decl":{"start":{"line":27,"column":20},"end":{"line":27,"column":21}},"loc":{"start":{"line":27,"column":40},"end":{"line":42,"column":2}},"line":27},"5":{"name":"(anonymous_5)","decl":{"start":{"line":31,"column":5},"end":{"line":31,"column":6}},"loc":{"start":{"line":31,"column":32},"end":{"line":41,"column":3}},"line":31},"6":{"name":"(anonymous_6)","decl":{"start":{"line":45,"column":20},"end":{"line":45,"column":21}},"loc":{"start":{"line":45,"column":40},"end":{"line":75,"column":1}},"line":45},"7":{"name":"(anonymous_7)","decl":{"start":{"line":47,"column":20},"end":{"line":47,"column":21}},"loc":{"start":{"line":47,"column":40},"end":{"line":72,"column":2}},"line":47},"8":{"name":"(anonymous_8)","decl":{"start":{"line":51,"column":5},"end":{"line":51,"column":6}},"loc":{"start":{"line":51,"column":32},"end":{"line":71,"column":3}},"line":51}},"branchMap":{"0":{"loc":{"start":{"line":12,"column":3},"end":{"line":21,"column":4}},"type":"if","locations":[{"start":{"line":12,"column":3},"end":{"line":21,"column":4}},{"start":{"line":12,"column":3},"end":{"line":21,"column":4}}],"line":12},"1":{"loc":{"start":{"line":14,"column":9},"end":{"line":21,"column":4}},"type":"if","locations":[{"start":{"line":14,"column":9},"end":{"line":21,"column":4}},{"start":{"line":14,"column":9},"end":{"line":21,"column":4}}],"line":14},"2":{"loc":{"start":{"line":16,"column":9},"end":{"line":21,"column":4}},"type":"if","locations":[{"start":{"line":16,"column":9},"end":{"line":21,"column":4}},{"start":{"line":16,"column":9},"end":{"line":21,"column":4}}],"line":16},"3":{"loc":{"start":{"line":32,"column":3},"end":{"line":40,"column":4}},"type":"if","locations":[{"start":{"line":32,"column":3},"end":{"line":40,"column":4}},{"start":{"line":32,"column":3},"end":{"line":40,"column":4}}],"line":32},"4":{"loc":{"start":{"line":35,"column":9},"end":{"line":40,"column":4}},"type":"if","locations":[{"start":{"line":35,"column":9},"end":{"line":40,"column":4}},{"start":{"line":35,"column":9},"end":{"line":40,"column":4}}],"line":35},"5":{"loc":{"start":{"line":52,"column":3},"end":{"line":70,"column":4}},"type":"if","locations":[{"start":{"line":52,"column":3},"end":{"line":70,"column":4}},{"start":{"line":52,"column":3},"end":{"line":70,"column":4}}],"line":52},"6":{"loc":{"start":{"line":55,"column":9},"end":{"line":70,"column":4}},"type":"if","locations":[{"start":{"line":55,"column":9},"end":{"line":70,"column":4}},{"start":{"line":55,"column":9},"end":{"line":70,"column":4}}],"line":55},"7":{"loc":{"start":{"line":59,"column":4},"end":{"line":67,"column":5}},"type":"if","locations":[{"start":{"line":59,"column":4},"end":{"line":67,"column":5}},{"start":{"line":59,"column":4},"end":{"line":67,"column":5}}],"line":59}},"s":{"0":1,"1":1,"2":1,"3":1,"4":1,"5":0,"6":1,"7":0,"8":1,"9":1,"10":1,"11":1,"12":1,"13":0,"14":0,"15":0,"16":0,"17":0,"18":1,"19":1,"20":1,"21":1,"22":0,"23":1,"24":0,"25":1,"26":0,"27":1,"28":1,"29":1,"30":1,"31":1},"f":{"0":1,"1":1,"2":1,"3":1,"4":1,"5":0,"6":1,"7":1,"8":1},"b":{"0":[0,1],"1":[0,1],"2":[1,0],"3":[0,0],"4":[0,0],"5":[0,1],"6":[0,1],"7":[0,1]},"_coverageSchema":"332fd63041d2c1bcb487cc26dd0d5f7d97098a6c","hash":"aaee42c97bf79bb8e8a13ad07ff2c949c9e225ac"}
}
