{"C:\\Users\\Jay\\Desktop\\project_term\\address_finder.js": {"path":"C:\\Users\\Jay\\Desktop\\project_term\\address_finder.js","statementMap":{"0":{"start":{"line":1,"column":16},"end":{"line":1,"column":34}},"1":{"start":{"line":3,"column":17},"end":{"line":23,"column":1}},"2":{"start":{"line":4,"column":1},"end":{"line":22,"column":4}},"3":{"start":{"line":8,"column":2},"end":{"line":21,"column":3}},"4":{"start":{"line":9,"column":3},"end":{"line":9,"column":45}},"5":{"start":{"line":11,"column":8},"end":{"line":21,"column":3}},"6":{"start":{"line":12,"column":3},"end":{"line":12,"column":52}},"7":{"start":{"line":15,"column":3},"end":{"line":20,"column":6}},"8":{"start":{"line":25,"column":17},"end":{"line":42,"column":1}},"9":{"start":{"line":26,"column":1},"end":{"line":41,"column":4}},"10":{"start":{"line":31,"column":2},"end":{"line":40,"column":3}},"11":{"start":{"line":32,"column":3},"end":{"line":32,"column":45}},"12":{"start":{"line":33,"column":8},"end":{"line":40,"column":3}},"13":{"start":{"line":34,"column":3},"end":{"line":34,"column":45}},"14":{"start":{"line":35,"column":8},"end":{"line":40,"column":3}},"15":{"start":{"line":36,"column":3},"end":{"line":39,"column":5}},"16":{"start":{"line":43,"column":0},"end":{"line":46,"column":2}}},"fnMap":{"0":{"name":"(anonymous_0)","decl":{"start":{"line":3,"column":17},"end":{"line":3,"column":18}},"loc":{"start":{"line":3,"column":41},"end":{"line":23,"column":1}},"line":3},"1":{"name":"(anonymous_1)","decl":{"start":{"line":7,"column":4},"end":{"line":7,"column":5}},"loc":{"start":{"line":7,"column":31},"end":{"line":22,"column":2}},"line":7},"2":{"name":"(anonymous_2)","decl":{"start":{"line":25,"column":17},"end":{"line":25,"column":18}},"loc":{"start":{"line":25,"column":40},"end":{"line":42,"column":1}},"line":25},"3":{"name":"(anonymous_3)","decl":{"start":{"line":30,"column":4},"end":{"line":30,"column":5}},"loc":{"start":{"line":30,"column":31},"end":{"line":41,"column":2}},"line":30}},"branchMap":{"0":{"loc":{"start":{"line":8,"column":2},"end":{"line":21,"column":3}},"type":"if","locations":[{"start":{"line":8,"column":2},"end":{"line":21,"column":3}},{"start":{"line":8,"column":2},"end":{"line":21,"column":3}}],"line":8},"1":{"loc":{"start":{"line":11,"column":8},"end":{"line":21,"column":3}},"type":"if","locations":[{"start":{"line":11,"column":8},"end":{"line":21,"column":3}},{"start":{"line":11,"column":8},"end":{"line":21,"column":3}}],"line":11},"2":{"loc":{"start":{"line":31,"column":2},"end":{"line":40,"column":3}},"type":"if","locations":[{"start":{"line":31,"column":2},"end":{"line":40,"column":3}},{"start":{"line":31,"column":2},"end":{"line":40,"column":3}}],"line":31},"3":{"loc":{"start":{"line":33,"column":8},"end":{"line":40,"column":3}},"type":"if","locations":[{"start":{"line":33,"column":8},"end":{"line":40,"column":3}},{"start":{"line":33,"column":8},"end":{"line":40,"column":3}}],"line":33},"4":{"loc":{"start":{"line":35,"column":8},"end":{"line":40,"column":3}},"type":"if","locations":[{"start":{"line":35,"column":8},"end":{"line":40,"column":3}},{"start":{"line":35,"column":8},"end":{"line":40,"column":3}}],"line":35}},"s":{"0":1,"1":1,"2":0,"3":0,"4":0,"5":0,"6":0,"7":0,"8":1,"9":1,"10":1,"11":0,"12":1,"13":0,"14":1,"15":0,"16":1},"f":{"0":0,"1":0,"2":1,"3":1},"b":{"0":[0,0],"1":[0,0],"2":[0,1],"3":[0,1],"4":[0,1]},"_coverageSchema":"332fd63041d2c1bcb487cc26dd0d5f7d97098a6c","hash":"b5ae17b215dc70ed5f4b1094a73f21575037a7c4"}
,"C:\\Users\\Jay\\Desktop\\project_term\\app.js": {"path":"C:\\Users\\Jay\\Desktop\\project_term\\app.js","statementMap":{"0":{"start":{"line":2,"column":16},"end":{"line":2,"column":34}},"1":{"start":{"line":3,"column":12},"end":{"line":3,"column":26}},"2":{"start":{"line":4,"column":11},"end":{"line":4,"column":24}},"3":{"start":{"line":5,"column":16},"end":{"line":5,"column":34}},"4":{"start":{"line":6,"column":19},"end":{"line":6,"column":41}},"5":{"start":{"line":7,"column":15},"end":{"line":7,"column":46}},"6":{"start":{"line":8,"column":19},"end":{"line":8,"column":48}},"7":{"start":{"line":9,"column":15},"end":{"line":15,"column":1}},"8":{"start":{"line":16,"column":19},"end":{"line":16,"column":41}},"9":{"start":{"line":17,"column":16},"end":{"line":17,"column":42}},"10":{"start":{"line":18,"column":14},"end":{"line":18,"column":38}},"11":{"start":{"line":22,"column":1},"end":{"line":22,"column":17}},"12":{"start":{"line":23,"column":4},"end":{"line":36,"column":6}},"13":{"start":{"line":24,"column":8},"end":{"line":24,"column":25}},"14":{"start":{"line":26,"column":8},"end":{"line":35,"column":11}},"15":{"start":{"line":27,"column":12},"end":{"line":27,"column":45}},"16":{"start":{"line":30,"column":12},"end":{"line":30,"column":26}},"17":{"start":{"line":32,"column":12},"end":{"line":32,"column":23}},"18":{"start":{"line":34,"column":12},"end":{"line":34,"column":41}},"19":{"start":{"line":39,"column":10},"end":{"line":39,"column":19}},"20":{"start":{"line":42,"column":23},"end":{"line":42,"column":53}},"21":{"start":{"line":43,"column":21},"end":{"line":43,"column":51}},"22":{"start":{"line":46,"column":0},"end":{"line":48,"column":4}},"23":{"start":{"line":50,"column":0},"end":{"line":50,"column":27}},"24":{"start":{"line":53,"column":0},"end":{"line":53,"column":52}},"25":{"start":{"line":56,"column":0},"end":{"line":56,"column":30}},"26":{"start":{"line":59,"column":0},"end":{"line":59,"column":47}},"27":{"start":{"line":65,"column":10},"end":{"line":65,"column":22}},"28":{"start":{"line":66,"column":7},"end":{"line":66,"column":21}},"29":{"start":{"line":68,"column":12},"end":{"line":68,"column":19}},"30":{"start":{"line":75,"column":11},"end":{"line":75,"column":51}},"31":{"start":{"line":76,"column":19},"end":{"line":76,"column":33}},"32":{"start":{"line":77,"column":12},"end":{"line":77,"column":13}},"33":{"start":{"line":78,"column":1},"end":{"line":80,"column":31}},"34":{"start":{"line":83,"column":14},"end":{"line":83,"column":152}},"35":{"start":{"line":88,"column":0},"end":{"line":88,"column":10}},"36":{"start":{"line":91,"column":1},"end":{"line":100,"column":3}},"37":{"start":{"line":92,"column":5},"end":{"line":94,"column":6}},"38":{"start":{"line":93,"column":9},"end":{"line":93,"column":19}},"39":{"start":{"line":95,"column":5},"end":{"line":95,"column":37}},"40":{"start":{"line":106,"column":1},"end":{"line":106,"column":58}},"41":{"start":{"line":113,"column":1},"end":{"line":121,"column":3}},"42":{"start":{"line":114,"column":2},"end":{"line":114,"column":18}},"43":{"start":{"line":115,"column":2},"end":{"line":115,"column":18}},"44":{"start":{"line":116,"column":2},"end":{"line":116,"column":40}},"45":{"start":{"line":118,"column":2},"end":{"line":118,"column":24}},"46":{"start":{"line":120,"column":2},"end":{"line":120,"column":20}},"47":{"start":{"line":125,"column":0},"end":{"line":132,"column":3}},"48":{"start":{"line":126,"column":1},"end":{"line":126,"column":16}},"49":{"start":{"line":127,"column":4},"end":{"line":131,"column":7}},"50":{"start":{"line":135,"column":0},"end":{"line":148,"column":3}},"51":{"start":{"line":136,"column":1},"end":{"line":147,"column":2}},"52":{"start":{"line":137,"column":2},"end":{"line":137,"column":33}},"53":{"start":{"line":138,"column":2},"end":{"line":138,"column":20}},"54":{"start":{"line":139,"column":2},"end":{"line":139,"column":25}},"55":{"start":{"line":140,"column":2},"end":{"line":140,"column":27}},"56":{"start":{"line":141,"column":2},"end":{"line":141,"column":15}},"57":{"start":{"line":142,"column":7},"end":{"line":147,"column":2}},"58":{"start":{"line":143,"column":2},"end":{"line":143,"column":15}},"59":{"start":{"line":144,"column":2},"end":{"line":144,"column":26}},"60":{"start":{"line":146,"column":2},"end":{"line":146,"column":28}},"61":{"start":{"line":151,"column":0},"end":{"line":154,"column":3}},"62":{"start":{"line":152,"column":1},"end":{"line":152,"column":44}},"63":{"start":{"line":153,"column":4},"end":{"line":153,"column":30}},"64":{"start":{"line":157,"column":0},"end":{"line":169,"column":3}},"65":{"start":{"line":158,"column":1},"end":{"line":168,"column":2}},"66":{"start":{"line":159,"column":2},"end":{"line":159,"column":35}},"67":{"start":{"line":160,"column":2},"end":{"line":160,"column":37}},"68":{"start":{"line":161,"column":2},"end":{"line":161,"column":35}},"69":{"start":{"line":162,"column":2},"end":{"line":162,"column":38}},"70":{"start":{"line":163,"column":2},"end":{"line":163,"column":27}},"71":{"start":{"line":164,"column":2},"end":{"line":164,"column":25}},"72":{"start":{"line":166,"column":2},"end":{"line":166,"column":27}},"73":{"start":{"line":167,"column":2},"end":{"line":167,"column":28}},"74":{"start":{"line":173,"column":0},"end":{"line":175,"column":3}},"75":{"start":{"line":174,"column":1},"end":{"line":174,"column":29}},"76":{"start":{"line":177,"column":0},"end":{"line":179,"column":3}},"77":{"start":{"line":178,"column":1},"end":{"line":178,"column":41}},"78":{"start":{"line":181,"column":0},"end":{"line":188,"column":3}},"79":{"start":{"line":182,"column":1},"end":{"line":187,"column":2}},"80":{"start":{"line":183,"column":2},"end":{"line":183,"column":28}},"81":{"start":{"line":184,"column":2},"end":{"line":184,"column":27}},"82":{"start":{"line":186,"column":2},"end":{"line":186,"column":66}},"83":{"start":{"line":190,"column":0},"end":{"line":192,"column":3}},"84":{"start":{"line":191,"column":1},"end":{"line":191,"column":37}},"85":{"start":{"line":193,"column":0},"end":{"line":195,"column":3}},"86":{"start":{"line":194,"column":1},"end":{"line":194,"column":37}},"87":{"start":{"line":198,"column":0},"end":{"line":200,"column":3}},"88":{"start":{"line":199,"column":1},"end":{"line":199,"column":27}},"89":{"start":{"line":204,"column":0},"end":{"line":221,"column":3}},"90":{"start":{"line":205,"column":1},"end":{"line":205,"column":26}},"91":{"start":{"line":207,"column":1},"end":{"line":220,"column":4}},"92":{"start":{"line":208,"column":2},"end":{"line":219,"column":3}},"93":{"start":{"line":209,"column":12},"end":{"line":209,"column":45}},"94":{"start":{"line":210,"column":8},"end":{"line":219,"column":3}},"95":{"start":{"line":211,"column":3},"end":{"line":211,"column":37}},"96":{"start":{"line":213,"column":3},"end":{"line":213,"column":168}},"97":{"start":{"line":214,"column":3},"end":{"line":214,"column":95}},"98":{"start":{"line":215,"column":3},"end":{"line":215,"column":50}},"99":{"start":{"line":216,"column":3},"end":{"line":216,"column":50}},"100":{"start":{"line":217,"column":3},"end":{"line":217,"column":19}},"101":{"start":{"line":218,"column":3},"end":{"line":218,"column":26}},"102":{"start":{"line":225,"column":0},"end":{"line":227,"column":3}},"103":{"start":{"line":226,"column":4},"end":{"line":226,"column":59}},"104":{"start":{"line":230,"column":0},"end":{"line":233,"column":3}},"105":{"start":{"line":231,"column":1},"end":{"line":231,"column":37}},"106":{"start":{"line":232,"column":1},"end":{"line":232,"column":23}},"107":{"start":{"line":237,"column":0},"end":{"line":254,"column":3}},"108":{"start":{"line":238,"column":20},"end":{"line":238,"column":21}},"109":{"start":{"line":239,"column":13},"end":{"line":239,"column":15}},"110":{"start":{"line":240,"column":8},"end":{"line":240,"column":10}},"111":{"start":{"line":241,"column":9},"end":{"line":241,"column":11}},"112":{"start":{"line":243,"column":1},"end":{"line":243,"column":25}},"113":{"start":{"line":245,"column":1},"end":{"line":253,"column":4}},"114":{"start":{"line":246,"column":2},"end":{"line":246,"column":24}},"115":{"start":{"line":247,"column":2},"end":{"line":247,"column":54}},"116":{"start":{"line":248,"column":2},"end":{"line":248,"column":19}},"117":{"start":{"line":249,"column":2},"end":{"line":249,"column":21}},"118":{"start":{"line":250,"column":2},"end":{"line":250,"column":227}},"119":{"start":{"line":252,"column":2},"end":{"line":252,"column":21}},"120":{"start":{"line":258,"column":0},"end":{"line":260,"column":3}},"121":{"start":{"line":259,"column":1},"end":{"line":259,"column":27}},"122":{"start":{"line":262,"column":0},"end":{"line":262,"column":20}}},"fnMap":{"0":{"name":"getUsers","decl":{"start":{"line":21,"column":9},"end":{"line":21,"column":17}},"loc":{"start":{"line":21,"column":19},"end":{"line":37,"column":1}},"line":21},"1":{"name":"(anonymous_1)","decl":{"start":{"line":23,"column":29},"end":{"line":23,"column":30}},"loc":{"start":{"line":23,"column":43},"end":{"line":36,"column":5}},"line":23},"2":{"name":"(anonymous_2)","decl":{"start":{"line":26,"column":34},"end":{"line":26,"column":35}},"loc":{"start":{"line":26,"column":47},"end":{"line":28,"column":9}},"line":26},"3":{"name":"(anonymous_3)","decl":{"start":{"line":28,"column":16},"end":{"line":28,"column":17}},"loc":{"start":{"line":28,"column":24},"end":{"line":33,"column":9}},"line":28},"4":{"name":"(anonymous_4)","decl":{"start":{"line":33,"column":17},"end":{"line":33,"column":18}},"loc":{"start":{"line":33,"column":28},"end":{"line":35,"column":9}},"line":33},"5":{"name":"readJsonFile","decl":{"start":{"line":90,"column":9},"end":{"line":90,"column":21}},"loc":{"start":{"line":90,"column":24},"end":{"line":101,"column":1}},"line":90},"6":{"name":"(anonymous_6)","decl":{"start":{"line":91,"column":31},"end":{"line":91,"column":32}},"loc":{"start":{"line":91,"column":45},"end":{"line":100,"column":2}},"line":91},"7":{"name":"writeJsonFile","decl":{"start":{"line":105,"column":9},"end":{"line":105,"column":22}},"loc":{"start":{"line":105,"column":24},"end":{"line":107,"column":1}},"line":105},"8":{"name":"weather_fetcher","decl":{"start":{"line":112,"column":9},"end":{"line":112,"column":24}},"loc":{"start":{"line":112,"column":33},"end":{"line":122,"column":1}},"line":112},"9":{"name":"(anonymous_9)","decl":{"start":{"line":113,"column":36},"end":{"line":113,"column":37}},"loc":{"start":{"line":113,"column":47},"end":{"line":117,"column":2}},"line":113},"10":{"name":"(anonymous_10)","decl":{"start":{"line":117,"column":9},"end":{"line":117,"column":10}},"loc":{"start":{"line":117,"column":19},"end":{"line":119,"column":2}},"line":117},"11":{"name":"(anonymous_11)","decl":{"start":{"line":119,"column":10},"end":{"line":119,"column":11}},"loc":{"start":{"line":119,"column":19},"end":{"line":121,"column":2}},"line":119},"12":{"name":"(anonymous_12)","decl":{"start":{"line":125,"column":13},"end":{"line":125,"column":14}},"loc":{"start":{"line":125,"column":36},"end":{"line":132,"column":1}},"line":125},"13":{"name":"(anonymous_13)","decl":{"start":{"line":135,"column":27},"end":{"line":135,"column":28}},"loc":{"start":{"line":135,"column":50},"end":{"line":148,"column":1}},"line":135},"14":{"name":"(anonymous_14)","decl":{"start":{"line":151,"column":19},"end":{"line":151,"column":20}},"loc":{"start":{"line":151,"column":42},"end":{"line":154,"column":1}},"line":151},"15":{"name":"(anonymous_15)","decl":{"start":{"line":157,"column":25},"end":{"line":157,"column":26}},"loc":{"start":{"line":157,"column":54},"end":{"line":169,"column":1}},"line":157},"16":{"name":"(anonymous_16)","decl":{"start":{"line":173,"column":21},"end":{"line":173,"column":22}},"loc":{"start":{"line":173,"column":43},"end":{"line":175,"column":1}},"line":173},"17":{"name":"(anonymous_17)","decl":{"start":{"line":177,"column":19},"end":{"line":177,"column":20}},"loc":{"start":{"line":177,"column":40},"end":{"line":179,"column":1}},"line":177},"18":{"name":"(anonymous_18)","decl":{"start":{"line":181,"column":20},"end":{"line":181,"column":21}},"loc":{"start":{"line":181,"column":41},"end":{"line":188,"column":1}},"line":181},"19":{"name":"(anonymous_19)","decl":{"start":{"line":190,"column":21},"end":{"line":190,"column":22}},"loc":{"start":{"line":190,"column":42},"end":{"line":192,"column":1}},"line":190},"20":{"name":"(anonymous_20)","decl":{"start":{"line":193,"column":20},"end":{"line":193,"column":21}},"loc":{"start":{"line":193,"column":41},"end":{"line":195,"column":1}},"line":193},"21":{"name":"(anonymous_21)","decl":{"start":{"line":198,"column":19},"end":{"line":198,"column":20}},"loc":{"start":{"line":198,"column":41},"end":{"line":200,"column":1}},"line":198},"22":{"name":"(anonymous_22)","decl":{"start":{"line":204,"column":28},"end":{"line":204,"column":29}},"loc":{"start":{"line":204,"column":50},"end":{"line":221,"column":1}},"line":204},"23":{"name":"(anonymous_23)","decl":{"start":{"line":207,"column":46},"end":{"line":207,"column":47}},"loc":{"start":{"line":207,"column":72},"end":{"line":220,"column":2}},"line":207},"24":{"name":"(anonymous_24)","decl":{"start":{"line":225,"column":21},"end":{"line":225,"column":22}},"loc":{"start":{"line":225,"column":44},"end":{"line":227,"column":1}},"line":225},"25":{"name":"(anonymous_25)","decl":{"start":{"line":230,"column":35},"end":{"line":230,"column":36}},"loc":{"start":{"line":230,"column":58},"end":{"line":233,"column":1}},"line":230},"26":{"name":"(anonymous_26)","decl":{"start":{"line":237,"column":20},"end":{"line":237,"column":21}},"loc":{"start":{"line":237,"column":43},"end":{"line":254,"column":1}},"line":237},"27":{"name":"(anonymous_27)","decl":{"start":{"line":245,"column":56},"end":{"line":245,"column":57}},"loc":{"start":{"line":245,"column":66},"end":{"line":251,"column":2}},"line":245},"28":{"name":"(anonymous_28)","decl":{"start":{"line":251,"column":10},"end":{"line":251,"column":11}},"loc":{"start":{"line":251,"column":19},"end":{"line":253,"column":2}},"line":251},"29":{"name":"(anonymous_29)","decl":{"start":{"line":258,"column":20},"end":{"line":258,"column":21}},"loc":{"start":{"line":258,"column":43},"end":{"line":260,"column":1}},"line":258}},"branchMap":{"0":{"loc":{"start":{"line":92,"column":5},"end":{"line":94,"column":6}},"type":"if","locations":[{"start":{"line":92,"column":5},"end":{"line":94,"column":6}},{"start":{"line":92,"column":5},"end":{"line":94,"column":6}}],"line":92},"1":{"loc":{"start":{"line":136,"column":1},"end":{"line":147,"column":2}},"type":"if","locations":[{"start":{"line":136,"column":1},"end":{"line":147,"column":2}},{"start":{"line":136,"column":1},"end":{"line":147,"column":2}}],"line":136},"2":{"loc":{"start":{"line":142,"column":7},"end":{"line":147,"column":2}},"type":"if","locations":[{"start":{"line":142,"column":7},"end":{"line":147,"column":2}},{"start":{"line":142,"column":7},"end":{"line":147,"column":2}}],"line":142},"3":{"loc":{"start":{"line":158,"column":1},"end":{"line":168,"column":2}},"type":"if","locations":[{"start":{"line":158,"column":1},"end":{"line":168,"column":2}},{"start":{"line":158,"column":1},"end":{"line":168,"column":2}}],"line":158},"4":{"loc":{"start":{"line":158,"column":5},"end":{"line":158,"column":131}},"type":"binary-expr","locations":[{"start":{"line":158,"column":5},"end":{"line":158,"column":45}},{"start":{"line":158,"column":49},"end":{"line":158,"column":131}}],"line":158},"5":{"loc":{"start":{"line":182,"column":1},"end":{"line":187,"column":2}},"type":"if","locations":[{"start":{"line":182,"column":1},"end":{"line":187,"column":2}},{"start":{"line":182,"column":1},"end":{"line":187,"column":2}}],"line":182},"6":{"loc":{"start":{"line":208,"column":2},"end":{"line":219,"column":3}},"type":"if","locations":[{"start":{"line":208,"column":2},"end":{"line":219,"column":3}},{"start":{"line":208,"column":2},"end":{"line":219,"column":3}}],"line":208},"7":{"loc":{"start":{"line":210,"column":8},"end":{"line":219,"column":3}},"type":"if","locations":[{"start":{"line":210,"column":8},"end":{"line":219,"column":3}},{"start":{"line":210,"column":8},"end":{"line":219,"column":3}}],"line":210}},"s":{"0":1,"1":1,"2":1,"3":1,"4":1,"5":1,"6":1,"7":1,"8":1,"9":1,"10":1,"11":1,"12":1,"13":1,"14":1,"15":0,"16":0,"17":0,"18":0,"19":1,"20":1,"21":1,"22":1,"23":1,"24":1,"25":1,"26":1,"27":1,"28":1,"29":1,"30":1,"31":1,"32":1,"33":1,"34":1,"35":1,"36":2,"37":2,"38":0,"39":2,"40":0,"41":1,"42":1,"43":1,"44":1,"45":0,"46":0,"47":1,"48":1,"49":1,"50":1,"51":0,"52":0,"53":0,"54":0,"55":0,"56":0,"57":0,"58":0,"59":0,"60":0,"61":1,"62":1,"63":1,"64":1,"65":0,"66":0,"67":0,"68":0,"69":0,"70":0,"71":0,"72":0,"73":0,"74":1,"75":1,"76":1,"77":1,"78":1,"79":1,"80":1,"81":1,"82":0,"83":1,"84":1,"85":1,"86":0,"87":1,"88":1,"89":1,"90":1,"91":1,"92":0,"93":0,"94":0,"95":0,"96":0,"97":0,"98":0,"99":0,"100":0,"101":0,"102":1,"103":1,"104":1,"105":1,"106":1,"107":1,"108":1,"109":1,"110":1,"111":1,"112":1,"113":1,"114":1,"115":1,"116":1,"117":1,"118":1,"119":0,"120":1,"121":1,"122":1},"f":{"0":1,"1":1,"2":0,"3":0,"4":0,"5":2,"6":2,"7":0,"8":1,"9":1,"10":0,"11":0,"12":1,"13":0,"14":1,"15":0,"16":1,"17":1,"18":1,"19":1,"20":0,"21":1,"22":1,"23":0,"24":1,"25":1,"26":1,"27":1,"28":0,"29":1},"b":{"0":[0,2],"1":[0,0],"2":[0,0],"3":[0,0],"4":[0,0],"5":[1,0],"6":[0,0],"7":[0,0]},"_coverageSchema":"332fd63041d2c1bcb487cc26dd0d5f7d97098a6c","hash":"563d4d17c6728e02c176ed4eb492957625be780a"}
,"C:\\Users\\Jay\\Desktop\\project_term\\public\\database.js": {"path":"C:\\Users\\Jay\\Desktop\\project_term\\public\\database.js","statementMap":{"0":{"start":{"line":1,"column":19},"end":{"line":1,"column":48}},"1":{"start":{"line":2,"column":15},"end":{"line":8,"column":1}},"2":{"start":{"line":9,"column":19},"end":{"line":9,"column":41}},"3":{"start":{"line":10,"column":16},"end":{"line":10,"column":42}},"4":{"start":{"line":11,"column":14},"end":{"line":11,"column":38}},"5":{"start":{"line":14,"column":4},"end":{"line":14,"column":21}},"6":{"start":{"line":15,"column":4},"end":{"line":18,"column":6}},"7":{"start":{"line":16,"column":8},"end":{"line":16,"column":25}},"8":{"start":{"line":17,"column":8},"end":{"line":17,"column":27}},"9":{"start":{"line":21,"column":4},"end":{"line":24,"column":6}},"10":{"start":{"line":22,"column":8},"end":{"line":22,"column":25}},"11":{"start":{"line":23,"column":8},"end":{"line":23,"column":34}},"12":{"start":{"line":28,"column":4},"end":{"line":40,"column":6}},"13":{"start":{"line":29,"column":8},"end":{"line":29,"column":25}},"14":{"start":{"line":31,"column":8},"end":{"line":39,"column":11}},"15":{"start":{"line":33,"column":12},"end":{"line":33,"column":38}},"16":{"start":{"line":35,"column":12},"end":{"line":35,"column":30}},"17":{"start":{"line":36,"column":12},"end":{"line":36,"column":23}},"18":{"start":{"line":44,"column":4},"end":{"line":74,"column":6}},"19":{"start":{"line":45,"column":8},"end":{"line":45,"column":20}},"20":{"start":{"line":46,"column":8},"end":{"line":46,"column":17}},"21":{"start":{"line":47,"column":8},"end":{"line":50,"column":9}},"22":{"start":{"line":48,"column":12},"end":{"line":48,"column":25}},"23":{"start":{"line":49,"column":12},"end":{"line":49,"column":44}},"24":{"start":{"line":51,"column":8},"end":{"line":54,"column":9}},"25":{"start":{"line":52,"column":12},"end":{"line":52,"column":25}},"26":{"start":{"line":53,"column":12},"end":{"line":53,"column":51}},"27":{"start":{"line":55,"column":8},"end":{"line":59,"column":11}},"28":{"start":{"line":56,"column":8},"end":{"line":58,"column":9}},"29":{"start":{"line":60,"column":21},"end":{"line":60,"column":23}},"30":{"start":{"line":61,"column":8},"end":{"line":72,"column":11}},"31":{"start":{"line":62,"column":12},"end":{"line":68,"column":15}},"32":{"start":{"line":63,"column":14},"end":{"line":67,"column":15}},"33":{"start":{"line":66,"column":16},"end":{"line":66,"column":42}},"34":{"start":{"line":69,"column":12},"end":{"line":69,"column":29}},"35":{"start":{"line":70,"column":12},"end":{"line":70,"column":23}},"36":{"start":{"line":71,"column":12},"end":{"line":71,"column":25}},"37":{"start":{"line":73,"column":8},"end":{"line":73,"column":36}},"38":{"start":{"line":77,"column":8},"end":{"line":80,"column":9}},"39":{"start":{"line":78,"column":12},"end":{"line":78,"column":163}},"40":{"start":{"line":79,"column":12},"end":{"line":79,"column":33}},"41":{"start":{"line":81,"column":8},"end":{"line":85,"column":11}},"42":{"start":{"line":82,"column":8},"end":{"line":84,"column":9}},"43":{"start":{"line":83,"column":12},"end":{"line":83,"column":29}},"44":{"start":{"line":86,"column":8},"end":{"line":86,"column":36}},"45":{"start":{"line":89,"column":4},"end":{"line":89,"column":16}},"46":{"start":{"line":90,"column":4},"end":{"line":92,"column":5}},"47":{"start":{"line":91,"column":8},"end":{"line":91,"column":68}},"48":{"start":{"line":93,"column":4},"end":{"line":97,"column":7}},"49":{"start":{"line":94,"column":4},"end":{"line":96,"column":5}},"50":{"start":{"line":95,"column":8},"end":{"line":95,"column":25}},"51":{"start":{"line":98,"column":4},"end":{"line":98,"column":32}},"52":{"start":{"line":101,"column":18},"end":{"line":101,"column":20}},"53":{"start":{"line":102,"column":4},"end":{"line":110,"column":5}},"54":{"start":{"line":103,"column":8},"end":{"line":109,"column":9}},"55":{"start":{"line":104,"column":12},"end":{"line":104,"column":63}},"56":{"start":{"line":105,"column":12},"end":{"line":108,"column":13}},"57":{"start":{"line":111,"column":4},"end":{"line":121,"column":5}},"58":{"start":{"line":112,"column":8},"end":{"line":120,"column":9}},"59":{"start":{"line":113,"column":12},"end":{"line":119,"column":13}},"60":{"start":{"line":122,"column":4},"end":{"line":122,"column":18}},"61":{"start":{"line":125,"column":0},"end":{"line":130,"column":1}}},"fnMap":{"0":{"name":"addMember","decl":{"start":{"line":13,"column":9},"end":{"line":13,"column":18}},"loc":{"start":{"line":13,"column":30},"end":{"line":19,"column":1}},"line":13},"1":{"name":"(anonymous_1)","decl":{"start":{"line":15,"column":29},"end":{"line":15,"column":30}},"loc":{"start":{"line":15,"column":43},"end":{"line":18,"column":5}},"line":15},"2":{"name":"removeMember","decl":{"start":{"line":20,"column":9},"end":{"line":20,"column":21}},"loc":{"start":{"line":20,"column":27},"end":{"line":25,"column":1}},"line":20},"3":{"name":"(anonymous_3)","decl":{"start":{"line":21,"column":29},"end":{"line":21,"column":30}},"loc":{"start":{"line":21,"column":43},"end":{"line":24,"column":5}},"line":21},"4":{"name":"get","decl":{"start":{"line":27,"column":9},"end":{"line":27,"column":12}},"loc":{"start":{"line":27,"column":18},"end":{"line":41,"column":1}},"line":27},"5":{"name":"(anonymous_5)","decl":{"start":{"line":28,"column":29},"end":{"line":28,"column":30}},"loc":{"start":{"line":28,"column":43},"end":{"line":40,"column":5}},"line":28},"6":{"name":"(anonymous_6)","decl":{"start":{"line":31,"column":27},"end":{"line":31,"column":28}},"loc":{"start":{"line":31,"column":40},"end":{"line":34,"column":9}},"line":31},"7":{"name":"(anonymous_7)","decl":{"start":{"line":34,"column":16},"end":{"line":34,"column":17}},"loc":{"start":{"line":34,"column":24},"end":{"line":37,"column":9}},"line":34},"8":{"name":"(anonymous_8)","decl":{"start":{"line":37,"column":17},"end":{"line":37,"column":18}},"loc":{"start":{"line":37,"column":28},"end":{"line":39,"column":9}},"line":37},"9":{"name":"getInfo","decl":{"start":{"line":43,"column":9},"end":{"line":43,"column":16}},"loc":{"start":{"line":43,"column":23},"end":{"line":75,"column":1}},"line":43},"10":{"name":"(anonymous_10)","decl":{"start":{"line":44,"column":23},"end":{"line":44,"column":24}},"loc":{"start":{"line":44,"column":43},"end":{"line":74,"column":5}},"line":44},"11":{"name":"(anonymous_11)","decl":{"start":{"line":55,"column":39},"end":{"line":55,"column":40}},"loc":{"start":{"line":55,"column":53},"end":{"line":59,"column":9}},"line":55},"12":{"name":"(anonymous_12)","decl":{"start":{"line":61,"column":26},"end":{"line":61,"column":27}},"loc":{"start":{"line":61,"column":44},"end":{"line":72,"column":9}},"line":61},"13":{"name":"(anonymous_13)","decl":{"start":{"line":62,"column":28},"end":{"line":62,"column":29}},"loc":{"start":{"line":62,"column":45},"end":{"line":68,"column":13}},"line":62},"14":{"name":"addInfo","decl":{"start":{"line":76,"column":9},"end":{"line":76,"column":16}},"loc":{"start":{"line":76,"column":29},"end":{"line":87,"column":1}},"line":76},"15":{"name":"(anonymous_15)","decl":{"start":{"line":81,"column":39},"end":{"line":81,"column":40}},"loc":{"start":{"line":81,"column":53},"end":{"line":85,"column":9}},"line":81},"16":{"name":"removeInfo","decl":{"start":{"line":88,"column":9},"end":{"line":88,"column":19}},"loc":{"start":{"line":88,"column":32},"end":{"line":99,"column":1}},"line":88},"17":{"name":"(anonymous_17)","decl":{"start":{"line":93,"column":35},"end":{"line":93,"column":36}},"loc":{"start":{"line":93,"column":49},"end":{"line":97,"column":5}},"line":93},"18":{"name":"listToJson","decl":{"start":{"line":100,"column":9},"end":{"line":100,"column":19}},"loc":{"start":{"line":100,"column":26},"end":{"line":123,"column":1}},"line":100}},"branchMap":{"0":{"loc":{"start":{"line":47,"column":8},"end":{"line":50,"column":9}},"type":"if","locations":[{"start":{"line":47,"column":8},"end":{"line":50,"column":9}},{"start":{"line":47,"column":8},"end":{"line":50,"column":9}}],"line":47},"1":{"loc":{"start":{"line":51,"column":8},"end":{"line":54,"column":9}},"type":"if","locations":[{"start":{"line":51,"column":8},"end":{"line":54,"column":9}},{"start":{"line":51,"column":8},"end":{"line":54,"column":9}}],"line":51},"2":{"loc":{"start":{"line":56,"column":8},"end":{"line":58,"column":9}},"type":"if","locations":[{"start":{"line":56,"column":8},"end":{"line":58,"column":9}},{"start":{"line":56,"column":8},"end":{"line":58,"column":9}}],"line":56},"3":{"loc":{"start":{"line":63,"column":14},"end":{"line":67,"column":15}},"type":"if","locations":[{"start":{"line":63,"column":14},"end":{"line":67,"column":15}},{"start":{"line":63,"column":14},"end":{"line":67,"column":15}}],"line":63},"4":{"loc":{"start":{"line":77,"column":8},"end":{"line":80,"column":9}},"type":"if","locations":[{"start":{"line":77,"column":8},"end":{"line":80,"column":9}},{"start":{"line":77,"column":8},"end":{"line":80,"column":9}}],"line":77},"5":{"loc":{"start":{"line":82,"column":8},"end":{"line":84,"column":9}},"type":"if","locations":[{"start":{"line":82,"column":8},"end":{"line":84,"column":9}},{"start":{"line":82,"column":8},"end":{"line":84,"column":9}}],"line":82},"6":{"loc":{"start":{"line":90,"column":4},"end":{"line":92,"column":5}},"type":"if","locations":[{"start":{"line":90,"column":4},"end":{"line":92,"column":5}},{"start":{"line":90,"column":4},"end":{"line":92,"column":5}}],"line":90},"7":{"loc":{"start":{"line":94,"column":4},"end":{"line":96,"column":5}},"type":"if","locations":[{"start":{"line":94,"column":4},"end":{"line":96,"column":5}},{"start":{"line":94,"column":4},"end":{"line":96,"column":5}}],"line":94},"8":{"loc":{"start":{"line":102,"column":4},"end":{"line":110,"column":5}},"type":"if","locations":[{"start":{"line":102,"column":4},"end":{"line":110,"column":5}},{"start":{"line":102,"column":4},"end":{"line":110,"column":5}}],"line":102},"9":{"loc":{"start":{"line":111,"column":4},"end":{"line":121,"column":5}},"type":"if","locations":[{"start":{"line":111,"column":4},"end":{"line":121,"column":5}},{"start":{"line":111,"column":4},"end":{"line":121,"column":5}}],"line":111}},"s":{"0":1,"1":1,"2":1,"3":1,"4":1,"5":0,"6":0,"7":0,"8":0,"9":0,"10":0,"11":0,"12":0,"13":0,"14":0,"15":0,"16":0,"17":0,"18":1,"19":1,"20":1,"21":1,"22":1,"23":1,"24":1,"25":0,"26":0,"27":1,"28":1,"29":1,"30":1,"31":0,"32":0,"33":0,"34":0,"35":0,"36":0,"37":1,"38":0,"39":0,"40":0,"41":0,"42":0,"43":0,"44":0,"45":0,"46":0,"47":0,"48":0,"49":0,"50":0,"51":0,"52":0,"53":0,"54":0,"55":0,"56":0,"57":0,"58":0,"59":0,"60":0,"61":1},"f":{"0":0,"1":0,"2":0,"3":0,"4":0,"5":0,"6":0,"7":0,"8":0,"9":1,"10":1,"11":1,"12":0,"13":0,"14":0,"15":0,"16":0,"17":0,"18":0},"b":{"0":[1,0],"1":[0,1],"2":[1,0],"3":[0,0],"4":[0,0],"5":[0,0],"6":[0,0],"7":[0,0],"8":[0,0],"9":[0,0]},"_coverageSchema":"332fd63041d2c1bcb487cc26dd0d5f7d97098a6c","hash":"d28022b7b90d2d115e41077552089dc820acb409"}
,"C:\\Users\\Jay\\Desktop\\project_term\\public\\weather.js": {"path":"C:\\Users\\Jay\\Desktop\\project_term\\public\\weather.js","statementMap":{"0":{"start":{"line":1,"column":16},"end":{"line":1,"column":34}},"1":{"start":{"line":4,"column":14},"end":{"line":24,"column":1}},"2":{"start":{"line":6,"column":4},"end":{"line":23,"column":4}},"3":{"start":{"line":7,"column":2},"end":{"line":22,"column":5}},"4":{"start":{"line":12,"column":3},"end":{"line":21,"column":4}},"5":{"start":{"line":13,"column":4},"end":{"line":13,"column":44}},"6":{"start":{"line":14,"column":9},"end":{"line":21,"column":4}},"7":{"start":{"line":15,"column":4},"end":{"line":15,"column":44}},"8":{"start":{"line":16,"column":9},"end":{"line":21,"column":4}},"9":{"start":{"line":17,"column":4},"end":{"line":20,"column":6}},"10":{"start":{"line":26,"column":14},"end":{"line":43,"column":1}},"11":{"start":{"line":27,"column":1},"end":{"line":42,"column":4}},"12":{"start":{"line":28,"column":2},"end":{"line":41,"column":5}},"13":{"start":{"line":32,"column":3},"end":{"line":40,"column":4}},"14":{"start":{"line":33,"column":4},"end":{"line":33,"column":44}},"15":{"start":{"line":35,"column":9},"end":{"line":40,"column":4}},"16":{"start":{"line":36,"column":4},"end":{"line":36,"column":51}},"17":{"start":{"line":39,"column":4},"end":{"line":39,"column":28}},"18":{"start":{"line":45,"column":20},"end":{"line":75,"column":1}},"19":{"start":{"line":47,"column":1},"end":{"line":72,"column":4}},"20":{"start":{"line":48,"column":2},"end":{"line":71,"column":5}},"21":{"start":{"line":52,"column":3},"end":{"line":70,"column":4}},"22":{"start":{"line":53,"column":4},"end":{"line":53,"column":44}},"23":{"start":{"line":55,"column":9},"end":{"line":70,"column":4}},"24":{"start":{"line":56,"column":4},"end":{"line":56,"column":51}},"25":{"start":{"line":59,"column":4},"end":{"line":67,"column":5}},"26":{"start":{"line":60,"column":5},"end":{"line":60,"column":18}},"27":{"start":{"line":62,"column":20},"end":{"line":62,"column":58}},"28":{"start":{"line":63,"column":17},"end":{"line":63,"column":41}},"29":{"start":{"line":64,"column":18},"end":{"line":64,"column":47}},"30":{"start":{"line":66,"column":5},"end":{"line":66,"column":57}},"31":{"start":{"line":77,"column":0},"end":{"line":81,"column":1}}},"fnMap":{"0":{"name":"(anonymous_0)","decl":{"start":{"line":4,"column":14},"end":{"line":4,"column":15}},"loc":{"start":{"line":4,"column":27},"end":{"line":24,"column":1}},"line":4},"1":{"name":"(anonymous_1)","decl":{"start":{"line":6,"column":23},"end":{"line":6,"column":24}},"loc":{"start":{"line":6,"column":44},"end":{"line":23,"column":2}},"line":6},"2":{"name":"(anonymous_2)","decl":{"start":{"line":11,"column":5},"end":{"line":11,"column":6}},"loc":{"start":{"line":11,"column":32},"end":{"line":22,"column":3}},"line":11},"3":{"name":"(anonymous_3)","decl":{"start":{"line":26,"column":14},"end":{"line":26,"column":15}},"loc":{"start":{"line":26,"column":28},"end":{"line":43,"column":1}},"line":26},"4":{"name":"(anonymous_4)","decl":{"start":{"line":27,"column":20},"end":{"line":27,"column":21}},"loc":{"start":{"line":27,"column":40},"end":{"line":42,"column":2}},"line":27},"5":{"name":"(anonymous_5)","decl":{"start":{"line":31,"column":5},"end":{"line":31,"column":6}},"loc":{"start":{"line":31,"column":32},"end":{"line":41,"column":3}},"line":31},"6":{"name":"(anonymous_6)","decl":{"start":{"line":45,"column":20},"end":{"line":45,"column":21}},"loc":{"start":{"line":45,"column":40},"end":{"line":75,"column":1}},"line":45},"7":{"name":"(anonymous_7)","decl":{"start":{"line":47,"column":20},"end":{"line":47,"column":21}},"loc":{"start":{"line":47,"column":40},"end":{"line":72,"column":2}},"line":47},"8":{"name":"(anonymous_8)","decl":{"start":{"line":51,"column":5},"end":{"line":51,"column":6}},"loc":{"start":{"line":51,"column":32},"end":{"line":71,"column":3}},"line":51}},"branchMap":{"0":{"loc":{"start":{"line":12,"column":3},"end":{"line":21,"column":4}},"type":"if","locations":[{"start":{"line":12,"column":3},"end":{"line":21,"column":4}},{"start":{"line":12,"column":3},"end":{"line":21,"column":4}}],"line":12},"1":{"loc":{"start":{"line":14,"column":9},"end":{"line":21,"column":4}},"type":"if","locations":[{"start":{"line":14,"column":9},"end":{"line":21,"column":4}},{"start":{"line":14,"column":9},"end":{"line":21,"column":4}}],"line":14},"2":{"loc":{"start":{"line":16,"column":9},"end":{"line":21,"column":4}},"type":"if","locations":[{"start":{"line":16,"column":9},"end":{"line":21,"column":4}},{"start":{"line":16,"column":9},"end":{"line":21,"column":4}}],"line":16},"3":{"loc":{"start":{"line":32,"column":3},"end":{"line":40,"column":4}},"type":"if","locations":[{"start":{"line":32,"column":3},"end":{"line":40,"column":4}},{"start":{"line":32,"column":3},"end":{"line":40,"column":4}}],"line":32},"4":{"loc":{"start":{"line":35,"column":9},"end":{"line":40,"column":4}},"type":"if","locations":[{"start":{"line":35,"column":9},"end":{"line":40,"column":4}},{"start":{"line":35,"column":9},"end":{"line":40,"column":4}}],"line":35},"5":{"loc":{"start":{"line":52,"column":3},"end":{"line":70,"column":4}},"type":"if","locations":[{"start":{"line":52,"column":3},"end":{"line":70,"column":4}},{"start":{"line":52,"column":3},"end":{"line":70,"column":4}}],"line":52},"6":{"loc":{"start":{"line":55,"column":9},"end":{"line":70,"column":4}},"type":"if","locations":[{"start":{"line":55,"column":9},"end":{"line":70,"column":4}},{"start":{"line":55,"column":9},"end":{"line":70,"column":4}}],"line":55},"7":{"loc":{"start":{"line":59,"column":4},"end":{"line":67,"column":5}},"type":"if","locations":[{"start":{"line":59,"column":4},"end":{"line":67,"column":5}},{"start":{"line":59,"column":4},"end":{"line":67,"column":5}}],"line":59}},"s":{"0":1,"1":1,"2":1,"3":1,"4":1,"5":0,"6":1,"7":0,"8":1,"9":1,"10":1,"11":1,"12":1,"13":0,"14":0,"15":0,"16":0,"17":0,"18":1,"19":1,"20":1,"21":1,"22":0,"23":1,"24":0,"25":1,"26":0,"27":1,"28":1,"29":1,"30":1,"31":1},"f":{"0":1,"1":1,"2":1,"3":1,"4":1,"5":0,"6":1,"7":1,"8":1},"b":{"0":[0,1],"1":[0,1],"2":[1,0],"3":[0,0],"4":[0,0],"5":[0,1],"6":[0,1],"7":[0,1]},"_coverageSchema":"332fd63041d2c1bcb487cc26dd0d5f7d97098a6c","hash":"aaee42c97bf79bb8e8a13ad07ff2c949c9e225ac"}
}
