TN:
SF:C:\Users\jakob\Documents\BCIT\projects\project1\address_finder.js
FN:3,(anonymous_0)
FN:7,(anonymous_1)
FN:25,(anonymous_2)
FN:30,(anonymous_3)
FNF:4
FNH:2
FNDA:0,(anonymous_0)
FNDA:0,(anonymous_1)
FNDA:1,(anonymous_2)
FNDA:1,(anonymous_3)
DA:1,1
DA:3,1
DA:4,0
DA:8,0
DA:9,0
DA:11,0
DA:12,0
DA:15,0
DA:25,1
DA:26,1
DA:31,1
DA:32,0
DA:33,1
DA:34,0
DA:35,1
DA:36,1
DA:43,1
LF:17
LH:9
BRDA:8,0,0,0
BRDA:8,0,1,0
BRDA:11,1,0,0
BRDA:11,1,1,0
BRDA:31,2,0,0
BRDA:31,2,1,1
BRDA:33,3,0,0
BRDA:33,3,1,1
BRDA:35,4,0,1
BRDA:35,4,1,0
BRF:10
BRH:3
end_of_record
TN:
SF:C:\Users\jakob\Documents\BCIT\projects\project1\app.js
FN:21,getUsers
FN:23,(anonymous_1)
FN:26,(anonymous_2)
FN:28,(anonymous_3)
FN:33,(anonymous_4)
FN:90,readJsonFile
FN:92,(anonymous_6)
FN:106,writeJsonFile
FN:113,weather_fetcher
FN:115,(anonymous_9)
FN:120,(anonymous_10)
FN:122,(anonymous_11)
FN:128,(anonymous_12)
FN:138,(anonymous_13)
FN:154,(anonymous_14)
FN:160,(anonymous_15)
FN:176,(anonymous_16)
FN:180,(anonymous_17)
FN:184,(anonymous_18)
FN:192,(anonymous_19)
FN:195,(anonymous_20)
FN:200,(anonymous_21)
FN:206,(anonymous_22)
FN:209,(anonymous_23)
FN:227,(anonymous_24)
FN:234,(anonymous_25)
FN:241,(anonymous_26)
FN:249,(anonymous_27)
FN:256,(anonymous_28)
FN:263,(anonymous_29)
FNF:30
FNH:16
FNDA:1,getUsers
FNDA:0,(anonymous_1)
FNDA:0,(anonymous_2)
FNDA:0,(anonymous_3)
FNDA:0,(anonymous_4)
FNDA:2,readJsonFile
FNDA:2,(anonymous_6)
FNDA:1,writeJsonFile
FNDA:0,weather_fetcher
FNDA:0,(anonymous_9)
FNDA:0,(anonymous_10)
FNDA:0,(anonymous_11)
FNDA:1,(anonymous_12)
FNDA:0,(anonymous_13)
FNDA:1,(anonymous_14)
FNDA:0,(anonymous_15)
FNDA:1,(anonymous_16)
FNDA:1,(anonymous_17)
FNDA:1,(anonymous_18)
FNDA:1,(anonymous_19)
FNDA:0,(anonymous_20)
FNDA:1,(anonymous_21)
FNDA:1,(anonymous_22)
FNDA:1,(anonymous_23)
FNDA:1,(anonymous_24)
FNDA:1,(anonymous_25)
FNDA:0,(anonymous_26)
FNDA:0,(anonymous_27)
FNDA:0,(anonymous_28)
FNDA:1,(anonymous_29)
DA:2,1
DA:3,1
DA:4,1
DA:5,1
DA:6,1
DA:7,1
DA:8,1
DA:9,1
DA:16,1
DA:17,1
DA:18,1
DA:22,1
DA:23,1
DA:26,0
DA:27,0
DA:30,0
DA:32,0
DA:39,1
DA:42,1
DA:43,1
DA:46,1
DA:50,1
DA:53,1
DA:56,1
DA:59,1
DA:65,1
DA:66,1
DA:68,1
DA:75,1
DA:76,1
DA:77,1
DA:78,1
DA:83,1
DA:88,1
DA:92,2
DA:93,2
DA:94,0
DA:96,2
DA:107,1
DA:115,0
DA:117,0
DA:118,0
DA:119,0
DA:121,0
DA:128,1
DA:129,1
DA:130,1
DA:138,1
DA:139,0
DA:140,0
DA:141,0
DA:142,0
DA:143,0
DA:144,0
DA:145,0
DA:146,0
DA:147,0
DA:149,0
DA:154,1
DA:155,1
DA:156,1
DA:160,1
DA:161,0
DA:162,0
DA:163,0
DA:164,0
DA:165,0
DA:166,0
DA:167,0
DA:169,0
DA:170,0
DA:176,1
DA:177,1
DA:180,1
DA:181,1
DA:184,1
DA:185,1
DA:186,1
DA:188,0
DA:192,1
DA:193,1
DA:195,1
DA:196,0
DA:200,1
DA:201,1
DA:206,1
DA:207,1
DA:209,1
DA:210,1
DA:211,0
DA:212,1
DA:213,0
DA:215,1
DA:216,1
DA:217,1
DA:218,1
DA:219,1
DA:220,1
DA:227,1
DA:230,1
DA:234,1
DA:235,1
DA:236,1
DA:241,1
DA:242,0
DA:243,0
DA:244,0
DA:245,0
DA:247,0
DA:249,0
DA:250,0
DA:251,0
DA:252,0
DA:253,0
DA:254,0
DA:255,0
DA:263,1
DA:264,1
DA:267,1
LF:119
LH:74
BRDA:93,0,0,0
BRDA:93,0,1,2
BRDA:139,1,0,0
BRDA:139,1,1,0
BRDA:145,2,0,0
BRDA:145,2,1,0
BRDA:161,3,0,0
BRDA:161,3,1,0
BRDA:161,4,0,0
BRDA:161,4,1,0
BRDA:185,5,0,1
BRDA:185,5,1,0
BRDA:210,6,0,0
BRDA:210,6,1,1
BRDA:212,7,0,0
BRDA:212,7,1,1
BRF:16
BRH:4
end_of_record
TN:
SF:C:\Users\jakob\Documents\BCIT\projects\project1\public\database.js
FN:13,addMember
FN:15,(anonymous_1)
FN:27,removeMember
FN:28,(anonymous_3)
FN:40,get
FN:41,(anonymous_5)
FN:44,(anonymous_6)
FN:47,(anonymous_7)
FN:50,(anonymous_8)
FN:57,getInfo
FN:58,(anonymous_10)
FN:69,(anonymous_11)
FN:75,(anonymous_12)
FN:76,(anonymous_13)
FN:90,addInfo
FN:95,(anonymous_15)
FN:102,removeInfo
FN:108,(anonymous_17)
FN:115,listToJson
FN:140,imTrue
FNF:20
FNH:3
FNDA:1,addMember
FNDA:0,(anonymous_1)
FNDA:1,removeMember
FNDA:0,(anonymous_3)
FNDA:1,get
FNDA:0,(anonymous_5)
FNDA:0,(anonymous_6)
FNDA:0,(anonymous_7)
FNDA:0,(anonymous_8)
FNDA:0,getInfo
FNDA:0,(anonymous_10)
FNDA:0,(anonymous_11)
FNDA:0,(anonymous_12)
FNDA:0,(anonymous_13)
FNDA:0,addInfo
FNDA:0,(anonymous_15)
FNDA:0,removeInfo
FNDA:0,(anonymous_17)
FNDA:0,listToJson
FNDA:0,imTrue
DA:1,2
DA:2,2
DA:9,2
DA:10,2
DA:11,2
DA:15,1
DA:17,0
DA:18,0
DA:19,0
DA:22,0
DA:28,1
DA:30,0
DA:31,0
DA:32,0
DA:35,0
DA:41,1
DA:42,0
DA:43,0
DA:44,0
DA:45,0
DA:46,0
DA:49,0
DA:54,1
DA:58,0
DA:59,0
DA:60,0
DA:61,0
DA:62,0
DA:63,0
DA:65,0
DA:66,0
DA:67,0
DA:69,0
DA:70,0
DA:74,0
DA:75,0
DA:76,0
DA:77,0
DA:80,0
DA:83,0
DA:84,0
DA:85,0
DA:87,0
DA:91,0
DA:92,0
DA:93,0
DA:95,0
DA:96,0
DA:97,0
DA:100,0
DA:104,0
DA:105,0
DA:106,0
DA:108,0
DA:109,0
DA:110,0
DA:113,0
DA:116,0
DA:117,0
DA:118,0
DA:119,0
DA:120,0
DA:126,0
DA:127,0
DA:128,0
DA:137,0
DA:141,0
DA:143,2
LF:68
LH:10
BRDA:18,0,0,0
BRDA:18,0,1,0
BRDA:31,1,0,0
BRDA:31,1,1,0
BRDA:61,2,0,0
BRDA:61,2,1,0
BRDA:65,3,0,0
BRDA:65,3,1,0
BRDA:70,4,0,0
BRDA:70,4,1,0
BRDA:77,5,0,0
BRDA:77,5,1,0
BRDA:91,6,0,0
BRDA:91,6,1,0
BRDA:96,7,0,0
BRDA:96,7,1,0
BRDA:105,8,0,0
BRDA:105,8,1,0
BRDA:109,9,0,0
BRDA:109,9,1,0
BRDA:117,10,0,0
BRDA:117,10,1,0
BRDA:126,11,0,0
BRDA:126,11,1,0
BRF:24
BRH:0
end_of_record
TN:
SF:C:\Users\jakob\Documents\BCIT\projects\project1\public\weather.js
FN:4,(anonymous_0)
FN:6,(anonymous_1)
FN:11,(anonymous_2)
FN:27,(anonymous_3)
FN:28,(anonymous_4)
FN:32,(anonymous_5)
FN:46,(anonymous_6)
FN:47,(anonymous_7)
FN:51,(anonymous_8)
FNF:9
FNH:0
FNDA:0,(anonymous_0)
FNDA:0,(anonymous_1)
FNDA:0,(anonymous_2)
FNDA:0,(anonymous_3)
FNDA:0,(anonymous_4)
FNDA:0,(anonymous_5)
FNDA:0,(anonymous_6)
FNDA:0,(anonymous_7)
FNDA:0,(anonymous_8)
DA:1,1
DA:4,1
DA:6,0
DA:7,0
DA:12,0
DA:13,0
DA:14,0
DA:15,0
DA:16,0
DA:18,0
DA:27,1
DA:28,0
DA:29,0
DA:33,0
DA:34,0
DA:36,0
DA:37,0
DA:40,0
DA:46,1
DA:47,0
DA:48,0
DA:52,0
DA:53,0
DA:55,0
DA:56,0
DA:59,0
DA:60,0
DA:62,0
DA:63,0
DA:64,0
DA:66,0
DA:77,1
LF:32
LH:5
BRDA:12,0,0,0
BRDA:12,0,1,0
BRDA:14,1,0,0
BRDA:14,1,1,0
BRDA:16,2,0,0
BRDA:16,2,1,0
BRDA:33,3,0,0
BRDA:33,3,1,0
BRDA:36,4,0,0
BRDA:36,4,1,0
BRDA:52,5,0,0
BRDA:52,5,1,0
BRDA:55,6,0,0
BRDA:55,6,1,0
BRDA:59,7,0,0
BRDA:59,7,1,0
BRF:16
BRH:0
end_of_record
