TN:
SF:C:\Users\Jay\Desktop\project_term\address_finder.js
FN:3,(anonymous_0)
FN:7,(anonymous_1)
FN:25,(anonymous_2)
FN:30,(anonymous_3)
FNF:4
FNH:2
FNDA:0,(anonymous_0)
FNDA:0,(anonymous_1)
FNDA:1,(anonymous_2)
FNDA:1,(anonymous_3)
DA:1,1
DA:3,1
DA:4,0
DA:8,0
DA:9,0
DA:11,0
DA:12,0
DA:15,0
DA:25,1
DA:26,1
DA:31,1
DA:32,0
DA:33,1
DA:34,0
DA:35,1
DA:36,1
DA:43,1
LF:17
LH:9
BRDA:8,0,0,0
BRDA:8,0,1,0
BRDA:11,1,0,0
BRDA:11,1,1,0
BRDA:31,2,0,0
BRDA:31,2,1,1
BRDA:33,3,0,0
BRDA:33,3,1,1
BRDA:35,4,0,1
BRDA:35,4,1,0
BRF:10
BRH:3
end_of_record
TN:
SF:C:\Users\Jay\Desktop\project_term\app.js
FN:57,readJsonFile
FN:58,(anonymous_1)
FN:64,(anonymous_2)
FN:78,writeJsonFile
FN:85,weather_fetcher
FN:86,(anonymous_5)
FN:90,(anonymous_6)
FN:92,(anonymous_7)
FN:98,(anonymous_8)
FN:108,(anonymous_9)
FN:124,(anonymous_10)
FN:130,(anonymous_11)
FN:146,(anonymous_12)
FN:150,(anonymous_13)
FN:154,(anonymous_14)
FN:162,(anonymous_15)
FN:168,(anonymous_16)
FN:174,(anonymous_17)
FN:177,(anonymous_18)
FN:195,(anonymous_19)
FN:200,(anonymous_20)
FN:207,(anonymous_21)
FN:215,(anonymous_22)
FN:221,(anonymous_23)
FN:228,(anonymous_24)
FNF:25
FNH:19
FNDA:2,readJsonFile
FNDA:2,(anonymous_1)
FNDA:2,(anonymous_2)
FNDA:0,writeJsonFile
FNDA:1,weather_fetcher
FNDA:1,(anonymous_5)
FNDA:0,(anonymous_6)
FNDA:0,(anonymous_7)
FNDA:1,(anonymous_8)
FNDA:0,(anonymous_9)
FNDA:1,(anonymous_10)
FNDA:0,(anonymous_11)
FNDA:1,(anonymous_12)
FNDA:1,(anonymous_13)
FNDA:1,(anonymous_14)
FNDA:1,(anonymous_15)
FNDA:1,(anonymous_16)
FNDA:1,(anonymous_17)
FNDA:1,(anonymous_18)
FNDA:1,(anonymous_19)
FNDA:1,(anonymous_20)
FNDA:1,(anonymous_21)
FNDA:1,(anonymous_22)
FNDA:0,(anonymous_23)
FNDA:1,(anonymous_24)
DA:2,1
DA:3,1
DA:4,1
DA:5,1
DA:6,1
DA:9,1
DA:12,1
DA:13,1
DA:16,1
DA:20,1
DA:23,1
DA:26,1
DA:29,1
DA:35,1
DA:36,1
DA:38,1
DA:45,1
DA:46,1
DA:47,1
DA:48,1
DA:52,1
DA:58,2
DA:59,2
DA:60,0
DA:62,2
DA:64,2
DA:65,2
DA:66,2
DA:68,0
DA:70,0
DA:71,0
DA:79,0
DA:86,1
DA:87,1
DA:88,1
DA:89,1
DA:91,0
DA:93,0
DA:98,1
DA:99,1
DA:100,1
DA:108,1
DA:109,0
DA:110,0
DA:111,0
DA:112,0
DA:113,0
DA:114,0
DA:115,0
DA:116,0
DA:117,0
DA:119,0
DA:124,1
DA:125,1
DA:126,1
DA:130,1
DA:131,0
DA:132,0
DA:133,0
DA:134,0
DA:135,0
DA:136,0
DA:137,0
DA:139,0
DA:140,0
DA:146,1
DA:147,1
DA:150,1
DA:151,1
DA:154,1
DA:155,1
DA:156,1
DA:158,0
DA:162,1
DA:163,1
DA:164,1
DA:168,1
DA:169,1
DA:174,1
DA:175,1
DA:177,1
DA:178,1
DA:179,0
DA:180,1
DA:181,1
DA:183,0
DA:184,0
DA:185,0
DA:186,0
DA:187,0
DA:188,0
DA:195,1
DA:196,1
DA:200,1
DA:201,1
DA:202,1
DA:207,1
DA:208,1
DA:209,1
DA:210,1
DA:211,1
DA:213,1
DA:215,1
DA:216,1
DA:217,1
DA:218,1
DA:219,1
DA:220,1
DA:222,0
DA:228,1
DA:229,1
DA:232,1
LF:112
LH:77
BRDA:59,0,0,0
BRDA:59,0,1,2
BRDA:65,1,0,2
BRDA:65,1,1,0
BRDA:109,2,0,0
BRDA:109,2,1,0
BRDA:115,3,0,0
BRDA:115,3,1,0
BRDA:131,4,0,0
BRDA:131,4,1,0
BRDA:131,5,0,0
BRDA:131,5,1,0
BRDA:155,6,0,1
BRDA:155,6,1,0
BRDA:178,7,0,0
BRDA:178,7,1,1
BRDA:180,8,0,1
BRDA:180,8,1,0
BRF:18
BRH:5
end_of_record
TN:
SF:C:\Users\Jay\Desktop\project_term\public\weather.js
FN:4,(anonymous_0)
FN:6,(anonymous_1)
FN:11,(anonymous_2)
FN:26,(anonymous_3)
FN:27,(anonymous_4)
FN:31,(anonymous_5)
FN:45,(anonymous_6)
FN:47,(anonymous_7)
FN:51,(anonymous_8)
FNF:9
FNH:8
FNDA:1,(anonymous_0)
FNDA:1,(anonymous_1)
FNDA:1,(anonymous_2)
FNDA:1,(anonymous_3)
FNDA:1,(anonymous_4)
FNDA:0,(anonymous_5)
FNDA:1,(anonymous_6)
FNDA:1,(anonymous_7)
FNDA:1,(anonymous_8)
DA:1,1
DA:4,1
DA:6,1
DA:7,1
DA:12,1
DA:13,0
DA:14,1
DA:15,0
DA:16,1
DA:17,1
DA:26,1
DA:27,1
DA:28,1
DA:32,0
DA:33,0
DA:35,0
DA:36,0
DA:39,0
DA:45,1
DA:47,1
DA:48,1
DA:52,1
DA:53,0
DA:55,1
DA:56,0
DA:59,1
DA:60,0
DA:62,1
DA:63,1
DA:64,1
DA:66,1
DA:77,1
LF:32
LH:22
BRDA:12,0,0,0
BRDA:12,0,1,1
BRDA:14,1,0,0
BRDA:14,1,1,1
BRDA:16,2,0,1
BRDA:16,2,1,0
BRDA:32,3,0,0
BRDA:32,3,1,0
BRDA:35,4,0,0
BRDA:35,4,1,0
BRDA:52,5,0,0
BRDA:52,5,1,1
BRDA:55,6,0,0
BRDA:55,6,1,1
BRDA:59,7,0,0
BRDA:59,7,1,1
BRF:16
BRH:6
end_of_record
